[INFO|kicom_pefile.py:77] 2017-09-02 17:21:49,542 > =============VIRUS DB LIST=============
[INFO|kicom_pefile.py:78] 2017-09-02 17:21:49,542 > ['4af951ad9cd1838b1e578e010f037e07', '72907a4784376c4ffd9f1d2e0f38cd23', '1168cf786d299d4f36cacb2646fad229', 'fe253742f20f63f255b2ff2850a3b6a3', '07a0568499e06ac5823d4c723fcf1030']
[INFO|kicom_pefile.py:179] 2017-09-02 17:21:49,545 > =============START DIR SEARCH=============
[INFO|kicom_pefile.py:162] 2017-09-02 17:21:49,986 > [PASS] : ../../pe\00096f35ec0bfc5621c050ff3cc38a71eee4e6ff90b375e396b0bf4eb9d2e485
[INFO|kicom_pefile.py:162] 2017-09-02 17:21:50,177 > [PASS] : ../../pe\000b43c917f3952aa7f2d362be81e537be7729844f0d26b838020c8448ee0850
[INFO|kicom_pefile.py:162] 2017-09-02 17:21:51,236 > [PASS] : ../../pe\001ba31686541a0f82a2a1f023aa2bc942d67b11f4f629a0531cbbe341de220d
[INFO|kicom_pefile.py:162] 2017-09-02 17:21:51,469 > [PASS] : ../../pe\001d8f6e58f097458707fb961e7bf4f63d152cb66da6458ca62f7d23adb5ef28
[INFO|kicom_pefile.py:162] 2017-09-02 17:21:51,635 > [PASS] : ../../pe\001f24ce77360ba44052cc05edf36eac6ff56aad2d64586ffa26f19d924e14d8
[INFO|kicom_pefile.py:162] 2017-09-02 17:21:51,801 > [PASS] : ../../pe\0021d2223ad13c034e31804bd2702d0de37bc497a14271c463f8bdb09247feb9
[INFO|kicom_pefile.py:123] 2017-09-02 17:21:51,964 > [SCAN_FILE_NAME] : 002a450bb8d123f5c63ef6886e53bd4cc6b2060cf81fd37dc6f0d9d587bc179e
[INFO|vtscan.py:74] 2017-09-02 17:21:55,276 > [REPORT_RESPONSE] : 204
[INFO|kicom_pefile.py:138] 2017-09-02 17:21:55,279 > [RESCAN_WAIT] 30 sec
[INFO|vtscan.py:74] 2017-09-02 17:22:26,279 > [REPORT_RESPONSE] : 200
[INFO|kicom_pefile.py:153] 2017-09-02 17:22:26,322 > [WRITE_DB] : 463560:d6d79d124f2ac441630d2182b9fef3f3:AdWare.Win32.MultiPlug.oaul	# 002a450bb8d123f5c63ef6886e53bd4cc6b2060cf81fd37dc6f0d9d587bc179e
[INFO|kicom_pefile.py:123] 2017-09-02 17:22:26,858 > [SCAN_FILE_NAME] : 002b158afcb1bc6dbe17c384d624bbed2352e6e4982c45c3023a0eb62fe075e8
[INFO|vtscan.py:74] 2017-09-02 17:22:31,280 > [REPORT_RESPONSE] : 200
[INFO|kicom_pefile.py:153] 2017-09-02 17:22:31,282 > [WRITE_DB] : 1607680:6ba82ea9ab7d30cdf60317c9e2a4a085:AdWare.Win32.Esprot.bcup	# 002b158afcb1bc6dbe17c384d624bbed2352e6e4982c45c3023a0eb62fe075e8
[INFO|kicom_pefile.py:123] 2017-09-02 17:22:31,482 > [SCAN_FILE_NAME] : 003405c368c0d5d6f7e17ca3bca1d783fd137172cb89978c8aa827f07d63855b
[INFO|vtscan.py:74] 2017-09-02 17:22:35,065 > [REPORT_RESPONSE] : 204
[INFO|kicom_pefile.py:138] 2017-09-02 17:22:35,066 > [RESCAN_WAIT] 30 sec
[INFO|vtscan.py:74] 2017-09-02 17:23:06,052 > [REPORT_RESPONSE] : 200
[INFO|kicom_pefile.py:153] 2017-09-02 17:23:06,055 > [WRITE_DB] : 463560:d614995743b27b8cf5e4117682486da1:AdWare.Win32.MultiPlug.oaul	# 003405c368c0d5d6f7e17ca3bca1d783fd137172cb89978c8aa827f07d63855b
[INFO|kicom_pefile.py:123] 2017-09-02 17:23:06,358 > [SCAN_FILE_NAME] : 003e277aa37d5409c77a12c7cbfc6b5a0c53a42a0106f2a1ecc61c40ee5385b9
[INFO|vtscan.py:74] 2017-09-02 17:23:09,773 > [REPORT_RESPONSE] : 200
[INFO|kicom_pefile.py:153] 2017-09-02 17:23:09,776 > [WRITE_DB] : 840704:556a7589d7ff5adf1f14a20e53bf924e:Trojan.Win32.Generic	# 003e277aa37d5409c77a12c7cbfc6b5a0c53a42a0106f2a1ecc61c40ee5385b9
[INFO|kicom_pefile.py:123] 2017-09-02 17:23:09,976 > [SCAN_FILE_NAME] : 00452a389235e40d90d068dc26360d76dfefeeedba7cb30726338b9ba8df2d94
[INFO|vtscan.py:74] 2017-09-02 17:23:13,137 > [REPORT_RESPONSE] : 204
[INFO|kicom_pefile.py:138] 2017-09-02 17:23:13,137 > [RESCAN_WAIT] 30 sec
[INFO|vtscan.py:74] 2017-09-02 17:23:43,957 > [REPORT_RESPONSE] : 204
[INFO|kicom_pefile.py:138] 2017-09-02 17:23:43,957 > [RESCAN_WAIT] 30 sec
[INFO|vtscan.py:74] 2017-09-02 17:24:14,934 > [REPORT_RESPONSE] : 200
[INFO|kicom_pefile.py:153] 2017-09-02 17:24:14,937 > [WRITE_DB] : 463560:719652e2ae284a125983de71365a1f6f:AdWare.Win32.MultiPlug.oaul	# 00452a389235e40d90d068dc26360d76dfefeeedba7cb30726338b9ba8df2d94
[INFO|kicom_pefile.py:123] 2017-09-02 17:24:15,036 > [SCAN_FILE_NAME] : 005608179daaafc907ce2475ac192c4873db93b702ec6d6233e669ef8bdd0a4d
[INFO|vtscan.py:74] 2017-09-02 17:24:19,019 > [REPORT_RESPONSE] : 200
[INFO|kicom_pefile.py:153] 2017-09-02 17:24:19,023 > [WRITE_DB] : 388096:764f9577150528b3a258fcea994ad854:Backdoor.Win32.Generic	# 005608179daaafc907ce2475ac192c4873db93b702ec6d6233e669ef8bdd0a4d
[INFO|kicom_pefile.py:123] 2017-09-02 17:24:19,259 > [SCAN_FILE_NAME] : 0056a604f54d9b8e6043114381c8e20b237188bd99622f8fc4b58f7f045f99e1
[INFO|vtscan.py:74] 2017-09-02 17:24:22,109 > [REPORT_RESPONSE] : 204
[INFO|kicom_pefile.py:138] 2017-09-02 17:24:22,111 > [RESCAN_WAIT] 30 sec
[INFO|vtscan.py:74] 2017-09-02 17:24:52,980 > [REPORT_RESPONSE] : 204
[INFO|kicom_pefile.py:138] 2017-09-02 17:24:52,983 > [RESCAN_WAIT] 30 sec
[INFO|vtscan.py:74] 2017-09-02 17:25:24,026 > [REPORT_RESPONSE] : 200
[INFO|kicom_pefile.py:153] 2017-09-02 17:25:24,029 > [WRITE_DB] : 466632:7a6b125f718e2b28835460b0e3ebd0e6:AdWare.Win32.MultiPlug.oaul	# 0056a604f54d9b8e6043114381c8e20b237188bd99622f8fc4b58f7f045f99e1
[INFO|kicom_pefile.py:123] 2017-09-02 17:25:24,256 > [SCAN_FILE_NAME] : 0067e87d75cae869b507077e9f6f0df7e7f4461c2446a09394f1a75a5be8f170
[INFO|vtscan.py:74] 2017-09-02 17:25:27,420 > [REPORT_RESPONSE] : 200
[INFO|kicom_pefile.py:153] 2017-09-02 17:25:27,423 > [WRITE_DB] : 463048:ba276300cdf03676455d3497e295d8e9:AdWare.Win32.MultiPlug.oaul	# 0067e87d75cae869b507077e9f6f0df7e7f4461c2446a09394f1a75a5be8f170
[INFO|kicom_pefile.py:123] 2017-09-02 17:25:27,717 > [SCAN_FILE_NAME] : 007877bc7a4c78c86747544a4897e1a01ae6088690f2baacad31cab28a3a6627
[INFO|vtscan.py:74] 2017-09-02 17:25:32,017 > [REPORT_RESPONSE] : 204
[INFO|kicom_pefile.py:138] 2017-09-02 17:25:32,019 > [RESCAN_WAIT] 30 sec
[INFO|vtscan.py:74] 2017-09-02 17:26:02,934 > [REPORT_RESPONSE] : 200
[INFO|kicom_pefile.py:153] 2017-09-02 17:26:02,937 > [WRITE_DB] : 840704:bfdaf98dbf043a954e117313c3ebfb8f:Trojan.Win32.Generic	# 007877bc7a4c78c86747544a4897e1a01ae6088690f2baacad31cab28a3a6627
[INFO|kicom_pefile.py:123] 2017-09-02 17:26:03,068 > [SCAN_FILE_NAME] : 008d41ded3866e489bc595ddd996126e1b5c95b57056c8567e07a51fd06bf0c2
[INFO|vtscan.py:74] 2017-09-02 17:26:06,200 > [REPORT_RESPONSE] : 200
[INFO|kicom_pefile.py:153] 2017-09-02 17:26:06,203 > [WRITE_DB] : 322112:b1ae6dcdc3a7ba319c6d5e0b1a2eadbc:Trojan.Win32.AntiFW.b	# 008d41ded3866e489bc595ddd996126e1b5c95b57056c8567e07a51fd06bf0c2
[INFO|kicom_pefile.py:123] 2017-09-02 17:26:06,401 > [SCAN_FILE_NAME] : 009aaaf2ee3ee07cbb3bfcee0d312b1ec25f05c3ebd242b440d7343625368c49
[INFO|vtscan.py:74] 2017-09-02 17:26:09,434 > [REPORT_RESPONSE] : 204
[INFO|kicom_pefile.py:138] 2017-09-02 17:26:09,436 > [RESCAN_WAIT] 30 sec
[INFO|vtscan.py:74] 2017-09-02 17:26:40,299 > [REPORT_RESPONSE] : 204
[INFO|kicom_pefile.py:138] 2017-09-02 17:26:40,299 > [RESCAN_WAIT] 30 sec
[INFO|vtscan.py:74] 2017-09-02 17:27:11,598 > [REPORT_RESPONSE] : 200
[INFO|kicom_pefile.py:153] 2017-09-02 17:27:11,601 > [WRITE_DB] : 467656:ee1d3b6cf15cfb669f576c6da5e646fa:AdWare.Win32.MultiPlug.oaul	# 009aaaf2ee3ee07cbb3bfcee0d312b1ec25f05c3ebd242b440d7343625368c49
[INFO|kicom_pefile.py:162] 2017-09-02 17:27:11,846 > [PASS] : ../../pe\009c7a673e5841cdee0f4da371bca9a88bac0fd02b49e32af7442e7db6cbabda
[INFO|kicom_pefile.py:162] 2017-09-02 17:27:12,036 > [PASS] : ../../pe\00abe4ea803c857216dccb2bbdc5aada501ad8459f8e5e847ef1a7484b774cfc
[INFO|kicom_pefile.py:123] 2017-09-02 17:27:12,203 > [SCAN_FILE_NAME] : 00b205ecd445b5c790306d22d8242b871c4af4aba509845c0c8f25220ce3cbf4
[INFO|vtscan.py:74] 2017-09-02 17:27:14,994 > [REPORT_RESPONSE] : 200
[INFO|kicom_pefile.py:153] 2017-09-02 17:27:14,996 > [WRITE_DB] : 467144:e6bf1d4c644abbc7946e1186b4decebc:AdWare.Win32.MultiPlug.oaul	# 00b205ecd445b5c790306d22d8242b871c4af4aba509845c0c8f25220ce3cbf4
[INFO|kicom_pefile.py:162] 2017-09-02 17:27:15,190 > [PASS] : ../../pe\00b56182310e8d631b69fc1c93a8f532915ac2629abd3b770f91c751afd60f05
[INFO|kicom_pefile.py:162] 2017-09-02 17:27:15,403 > [PASS] : ../../pe\00b9cb449990ae3a3b139ffe09db2aefd642e8a564880518b6b734259ad20d34
[INFO|kicom_pefile.py:162] 2017-09-02 17:27:15,598 > [PASS] : ../../pe\00bcd67a57a59554a7c2bf8234db5acf5e41949ddbf11dcc76d0cc66d40e6d05
[INFO|kicom_pefile.py:123] 2017-09-02 17:27:18,349 > [SCAN_FILE_NAME] : 00c3b90fb4bbef0468bcb42858073f37ecdf06e2e041934cc3565365b110fa78
[INFO|vtscan.py:74] 2017-09-02 17:27:25,039 > [REPORT_RESPONSE] : 204
[INFO|kicom_pefile.py:138] 2017-09-02 17:27:25,040 > [RESCAN_WAIT] 30 sec
[INFO|vtscan.py:74] 2017-09-02 17:27:56,062 > [REPORT_RESPONSE] : 204
[INFO|kicom_pefile.py:138] 2017-09-02 17:27:56,063 > [RESCAN_WAIT] 30 sec
[INFO|vtscan.py:74] 2017-09-02 17:28:27,194 > [REPORT_RESPONSE] : 200
[INFO|kicom_pefile.py:93] 2017-09-02 17:28:27,197 > [EXCEPT_UNKNOWN] : ../../pe\00c3b90fb4bbef0468bcb42858073f37ecdf06e2e041934cc3565365b110fa78
[INFO|kicom_pefile.py:162] 2017-09-02 17:28:27,428 > [PASS] : ../../pe\00c7b516df863727bc540472c041ab52436c2a15f80ae76fcb289710cfc9c89b
[INFO|kicom_pefile.py:123] 2017-09-02 17:28:27,595 > [SCAN_FILE_NAME] : 00d890a9d24d3e9cc965a6b840eb498589fa5404702ef11b7e5bf4cb0ab8a953
[INFO|vtscan.py:74] 2017-09-02 17:28:30,667 > [REPORT_RESPONSE] : 200
[INFO|kicom_pefile.py:153] 2017-09-02 17:28:30,671 > [WRITE_DB] : 469368:ec7ed131ab5cedd15f63397903eafc07:AdWare.Win32.MultiPlug.ehwa	# 00d890a9d24d3e9cc965a6b840eb498589fa5404702ef11b7e5bf4cb0ab8a953
[INFO|kicom_pefile.py:123] 2017-09-02 17:28:31,335 > [SCAN_FILE_NAME] : 00e0cf84912e9554b8e7f441906ec91fa0eefa3f719dba856139cda3f0e6e307
[INFO|vtscan.py:74] 2017-09-02 17:28:35,512 > [REPORT_RESPONSE] : 204
[INFO|kicom_pefile.py:138] 2017-09-02 17:28:35,513 > [RESCAN_WAIT] 30 sec
[INFO|vtscan.py:74] 2017-09-02 17:29:06,450 > [REPORT_RESPONSE] : 200
[INFO|kicom_pefile.py:153] 2017-09-02 17:29:06,453 > [WRITE_DB] : 1611776:a55fa293495a947f6b8a8d7d38350cfe:AdWare.Win32.Esprot.bhzx	# 00e0cf84912e9554b8e7f441906ec91fa0eefa3f719dba856139cda3f0e6e307
[INFO|kicom_pefile.py:162] 2017-09-02 17:29:06,697 > [PASS] : ../../pe\00ea6b5c1d6fd8168c9ce8a8301aa4fa25a114be9427a1bdd5198dbec68c990d
[INFO|kicom_pefile.py:123] 2017-09-02 17:29:06,796 > [SCAN_FILE_NAME] : 00eeeabe6ad80fdc603182c1065f5423676dafa64601ef3d0b92f68838b47564
[INFO|vtscan.py:74] 2017-09-02 17:29:09,601 > [REPORT_RESPONSE] : 200
[INFO|kicom_pefile.py:153] 2017-09-02 17:29:09,604 > [WRITE_DB] : 323736:b1ae6dcdc3a7ba319c6d5e0b1a2eadbc:Trojan.Win32.AntiFW.b	# 00eeeabe6ad80fdc603182c1065f5423676dafa64601ef3d0b92f68838b47564
[INFO|kicom_pefile.py:162] 2017-09-02 17:29:09,841 > [PASS] : ../../pe\00f266dac7a0f318037341c1f2094590aff1a0e593cf8defde6772c483ac5b03
[INFO|kicom_pefile.py:123] 2017-09-02 17:29:10,025 > [SCAN_FILE_NAME] : 00f4088e5f6b6d63e7ac91090a4a2a7995452e1578f10ed9e7e589d850bfc8c9
[INFO|vtscan.py:74] 2017-09-02 17:29:12,950 > [REPORT_RESPONSE] : 204
[INFO|kicom_pefile.py:138] 2017-09-02 17:29:12,953 > [RESCAN_WAIT] 30 sec
[INFO|vtscan.py:74] 2017-09-02 17:29:43,802 > [REPORT_RESPONSE] : 204
[INFO|kicom_pefile.py:138] 2017-09-02 17:29:43,803 > [RESCAN_WAIT] 30 sec
[INFO|vtscan.py:74] 2017-09-02 17:30:14,849 > [REPORT_RESPONSE] : 200
[INFO|kicom_pefile.py:153] 2017-09-02 17:30:14,851 > [WRITE_DB] : 467144:83a62010fc7939031b22dc3167ac935f:AdWare.Win32.MultiPlug.oaul	# 00f4088e5f6b6d63e7ac91090a4a2a7995452e1578f10ed9e7e589d850bfc8c9
[INFO|kicom_pefile.py:123] 2017-09-02 17:30:15,119 > [SCAN_FILE_NAME] : 00f4cf59eef8e1116946e588de3cb3988968ee0b5057605adceebcd13dbebb50
[INFO|vtscan.py:74] 2017-09-02 17:30:18,819 > [REPORT_RESPONSE] : 200
[INFO|kicom_pefile.py:153] 2017-09-02 17:30:18,822 > [WRITE_DB] : 1004032:746c001b49c1f23b513efc46a9767ed0:Trojan.Win32.Generic	# 00f4cf59eef8e1116946e588de3cb3988968ee0b5057605adceebcd13dbebb50
[INFO|kicom_pefile.py:123] 2017-09-02 17:30:19,142 > [SCAN_FILE_NAME] : 00f6e6a7c1f23340ff5afb2c0612c771ebdb711de662f1c932a6828897000858
[INFO|vtscan.py:74] 2017-09-02 17:30:22,785 > [REPORT_RESPONSE] : 204
[INFO|kicom_pefile.py:138] 2017-09-02 17:30:22,786 > [RESCAN_WAIT] 30 sec
[INFO|vtscan.py:74] 2017-09-02 17:30:53,602 > [REPORT_RESPONSE] : 204
[INFO|kicom_pefile.py:138] 2017-09-02 17:30:53,604 > [RESCAN_WAIT] 30 sec
[INFO|vtscan.py:74] 2017-09-02 17:31:24,555 > [REPORT_RESPONSE] : 200
[INFO|kicom_pefile.py:153] 2017-09-02 17:31:24,559 > [WRITE_DB] : 1152512:5379c2329f619977ae7fa4e54698cf1f:Trojan.Win32.Generic	# 00f6e6a7c1f23340ff5afb2c0612c771ebdb711de662f1c932a6828897000858
[INFO|kicom_pefile.py:123] 2017-09-02 17:31:24,779 > [SCAN_FILE_NAME] : 00fadd1a5c37543d53b0699c4edfba56824b46fdbb7cb17607145d17c418ab3b
[INFO|vtscan.py:74] 2017-09-02 17:31:27,993 > [REPORT_RESPONSE] : 200
[INFO|kicom_pefile.py:153] 2017-09-02 17:31:27,997 > [WRITE_DB] : 513024:bba1867a87e55b3cdac446e5340a006f:Downloader.Win32.Morstar.ewi	# 00fadd1a5c37543d53b0699c4edfba56824b46fdbb7cb17607145d17c418ab3b
[INFO|kicom_pefile.py:123] 2017-09-02 17:31:28,209 > [SCAN_FILE_NAME] : 010de1b50504089a52d9e467deecfdead8d2f5622687114c68a7022d9d7bbc0f
[INFO|vtscan.py:74] 2017-09-02 17:31:31,881 > [REPORT_RESPONSE] : 204
[INFO|kicom_pefile.py:138] 2017-09-02 17:31:31,882 > [RESCAN_WAIT] 30 sec
[INFO|vtscan.py:74] 2017-09-02 17:32:02,848 > [REPORT_RESPONSE] : 200
[INFO|kicom_pefile.py:153] 2017-09-02 17:32:02,851 > [WRITE_DB] : 463560:d42c7a80b63596e230600e735482d86e:AdWare.Win32.MultiPlug.oaul	# 010de1b50504089a52d9e467deecfdead8d2f5622687114c68a7022d9d7bbc0f
[INFO|kicom_pefile.py:123] 2017-09-02 17:32:03,065 > [SCAN_FILE_NAME] : 012b38cfb5bb2e0e81f506729e2854c8895a41faace5f8049e96925feaeda7d6
[INFO|vtscan.py:74] 2017-09-02 17:32:06,273 > [REPORT_RESPONSE] : 200
[INFO|kicom_pefile.py:153] 2017-09-02 17:32:06,276 > [WRITE_DB] : 467144:6722b2f66edba7b54f2ed392b178d24b:AdWare.Win32.MultiPlug.oaul	# 012b38cfb5bb2e0e81f506729e2854c8895a41faace5f8049e96925feaeda7d6
[INFO|kicom_pefile.py:162] 2017-09-02 17:32:06,542 > [PASS] : ../../pe\01309566a42e4b749b48773e40c5825cdebeac9403db9cadd7512add19f0894e
[INFO|kicom_pefile.py:123] 2017-09-02 17:32:07,348 > [SCAN_FILE_NAME] : 0131e9fb5fb63d0f6c76b38cba39c17128a6c2d236a865c915bf270ac01dc102
[INFO|vtscan.py:74] 2017-09-02 17:32:10,869 > [REPORT_RESPONSE] : 204
[INFO|kicom_pefile.py:138] 2017-09-02 17:32:10,871 > [RESCAN_WAIT] 30 sec
[INFO|vtscan.py:74] 2017-09-02 17:32:41,716 > [REPORT_RESPONSE] : 204
[INFO|kicom_pefile.py:138] 2017-09-02 17:32:41,717 > [RESCAN_WAIT] 30 sec
[INFO|vtscan.py:74] 2017-09-02 17:33:12,661 > [REPORT_RESPONSE] : 200
[INFO|kicom_pefile.py:153] 2017-09-02 17:33:12,664 > [WRITE_DB] : 954368:887a55f9a8d5acc0d880476b3abb2efe:Trojan.Win32.Delf.dxmr	# 0131e9fb5fb63d0f6c76b38cba39c17128a6c2d236a865c915bf270ac01dc102
[INFO|kicom_pefile.py:123] 2017-09-02 17:33:12,805 > [SCAN_FILE_NAME] : 0132ea8a07769bece9bb17227de72375fefa75b078357810a58518afb963b6fe
[INFO|vtscan.py:74] 2017-09-02 17:33:15,786 > [REPORT_RESPONSE] : 200
[INFO|kicom_pefile.py:153] 2017-09-02 17:33:15,789 > [WRITE_DB] : 322136:b1ae6dcdc3a7ba319c6d5e0b1a2eadbc:Trojan.Win32.AntiFW.b	# 0132ea8a07769bece9bb17227de72375fefa75b078357810a58518afb963b6fe
[INFO|kicom_pefile.py:123] 2017-09-02 17:33:15,960 > [SCAN_FILE_NAME] : 01383a9afb1d7428d239774f729be47164ed76ae1c385b601d5c86a651225610
[INFO|vtscan.py:74] 2017-09-02 17:33:18,598 > [REPORT_RESPONSE] : 204
[INFO|kicom_pefile.py:138] 2017-09-02 17:33:18,598 > [RESCAN_WAIT] 30 sec
[INFO|vtscan.py:74] 2017-09-02 17:33:50,055 > [REPORT_RESPONSE] : 204
[INFO|kicom_pefile.py:138] 2017-09-02 17:33:50,056 > [RESCAN_WAIT] 30 sec
[INFO|vtscan.py:74] 2017-09-02 17:34:21,071 > [REPORT_RESPONSE] : 200
[INFO|kicom_pefile.py:153] 2017-09-02 17:34:21,073 > [WRITE_DB] : 379000:91197981f3da5219823765805db6014b:AdWare.Win32.ICLoader.itn	# 01383a9afb1d7428d239774f729be47164ed76ae1c385b601d5c86a651225610
[INFO|kicom_pefile.py:123] 2017-09-02 17:34:21,367 > [SCAN_FILE_NAME] : 013d2cb45c9ad4fbe1310cdffff5a464c56b71552ac12aa93a4ae7b1f8b685d0
[INFO|vtscan.py:74] 2017-09-02 17:34:24,914 > [REPORT_RESPONSE] : 200
[INFO|kicom_pefile.py:153] 2017-09-02 17:34:24,917 > [WRITE_DB] : 834560:67b77dea3c4074a41208bda11383d718:Trojan.Win32.Generic	# 013d2cb45c9ad4fbe1310cdffff5a464c56b71552ac12aa93a4ae7b1f8b685d0
[INFO|kicom_pefile.py:123] 2017-09-02 17:34:26,039 > [SCAN_FILE_NAME] : 013ec1c0334871ecb77db61e12a11952678f56ed8b4c6796c4dfe110973132e8
[INFO|vtscan.py:74] 2017-09-02 17:34:33,591 > [REPORT_RESPONSE] : 204
[INFO|kicom_pefile.py:138] 2017-09-02 17:34:33,592 > [RESCAN_WAIT] 30 sec
[INFO|vtscan.py:74] 2017-09-02 17:35:04,602 > [REPORT_RESPONSE] : 200
[INFO|kicom_pefile.py:93] 2017-09-02 17:35:04,605 > [EXCEPT_UNKNOWN] : ../../pe\013ec1c0334871ecb77db61e12a11952678f56ed8b4c6796c4dfe110973132e8
[INFO|kicom_pefile.py:123] 2017-09-02 17:35:04,984 > [SCAN_FILE_NAME] : 0146c1de3441bb15d943efd44d142d3e9fe38bb60c0adfc304ce8b24d7c68412
[INFO|vtscan.py:74] 2017-09-02 17:35:09,141 > [REPORT_RESPONSE] : 200
[INFO|kicom_pefile.py:153] 2017-09-02 17:35:09,144 > [WRITE_DB] : 1396736:ad5e753eb067c9ef1f1c10f272e5c06c:Trojan.Win32.Generic	# 0146c1de3441bb15d943efd44d142d3e9fe38bb60c0adfc304ce8b24d7c68412
[INFO|kicom_pefile.py:123] 2017-09-02 17:35:09,365 > [SCAN_FILE_NAME] : 01521791d25b6dc18ecbc3bcf96acf6c2aa53c6d2745dbdaee42b2bfc7a2cc6a
[INFO|vtscan.py:74] 2017-09-02 17:35:12,667 > [REPORT_RESPONSE] : 204
[INFO|kicom_pefile.py:138] 2017-09-02 17:35:12,667 > [RESCAN_WAIT] 30 sec
[INFO|vtscan.py:74] 2017-09-02 17:35:43,729 > [REPORT_RESPONSE] : 204
[INFO|kicom_pefile.py:138] 2017-09-02 17:35:43,730 > [RESCAN_WAIT] 30 sec
[INFO|vtscan.py:74] 2017-09-02 17:36:14,977 > [REPORT_RESPONSE] : 200
[INFO|kicom_pefile.py:153] 2017-09-02 17:36:14,980 > [WRITE_DB] : 467144:18169d6d07a03375e1e257d58fa27158:AdWare.Win32.MultiPlug.oaul	# 01521791d25b6dc18ecbc3bcf96acf6c2aa53c6d2745dbdaee42b2bfc7a2cc6a
[INFO|kicom_pefile.py:123] 2017-09-02 17:36:15,151 > [SCAN_FILE_NAME] : 015c872d72b30780d44d29099f9ac03da54b3ff56c032e0dd93cccc8148aeb39
[INFO|vtscan.py:74] 2017-09-02 17:36:17,871 > [REPORT_RESPONSE] : 200
[INFO|kicom_pefile.py:153] 2017-09-02 17:36:17,875 > [WRITE_DB] : 379000:1d26fde56a1588bccaed3e3d6ebb60a8:AdWare.Win32.ICLoader.itn	# 015c872d72b30780d44d29099f9ac03da54b3ff56c032e0dd93cccc8148aeb39
[INFO|kicom_pefile.py:123] 2017-09-02 17:36:18,605 > [SCAN_FILE_NAME] : 0164980f85e36964841f81c8002ea51aea49bdc102250618c53a5a54a67877ae
[INFO|vtscan.py:74] 2017-09-02 17:36:23,302 > [REPORT_RESPONSE] : 204
[INFO|kicom_pefile.py:138] 2017-09-02 17:36:23,302 > [RESCAN_WAIT] 30 sec
[INFO|vtscan.py:74] 2017-09-02 17:36:54,265 > [REPORT_RESPONSE] : 204
[INFO|kicom_pefile.py:138] 2017-09-02 17:36:54,266 > [RESCAN_WAIT] 30 sec
[INFO|vtscan.py:74] 2017-09-02 17:37:25,388 > [REPORT_RESPONSE] : 200
[INFO|kicom_pefile.py:153] 2017-09-02 17:37:25,391 > [WRITE_DB] : 2127680:eacbc95c9ed4581ae3c4f55cfabc6ec9:Downloader.NSIS.Agent.ij	# 0164980f85e36964841f81c8002ea51aea49bdc102250618c53a5a54a67877ae
[INFO|kicom_pefile.py:123] 2017-09-02 17:37:27,321 > [SCAN_FILE_NAME] : 0166be540c2247d33d5ca60a514821b1b7a56dad14948960e6e8ffd2ebe43fa1
[INFO|vtscan.py:74] 2017-09-02 17:37:32,240 > [REPORT_RESPONSE] : 200
[INFO|kicom_pefile.py:153] 2017-09-02 17:37:32,242 > [WRITE_DB] : 1820312:b4a1c0e74f5c3037fa7156e72c8e52e9:Trojan-Banker.Win32.Banker.bpvw	# 0166be540c2247d33d5ca60a514821b1b7a56dad14948960e6e8ffd2ebe43fa1
[INFO|kicom_pefile.py:162] 2017-09-02 17:37:32,440 > [PASS] : ../../pe\0167738718ac82d0dd1e9ca1154b146afe56bf7ea21ea12bf4c2a90fa12c28e2
[INFO|kicom_pefile.py:123] 2017-09-02 17:37:32,723 > [SCAN_FILE_NAME] : 016a72d33135bc8a75525438208ef67ed2eb12701bec8541187a566bf135d1a8
[INFO|vtscan.py:74] 2017-09-02 17:37:35,607 > [REPORT_RESPONSE] : 204
[INFO|kicom_pefile.py:138] 2017-09-02 17:37:35,608 > [RESCAN_WAIT] 30 sec
[INFO|vtscan.py:74] 2017-09-02 17:38:07,107 > [REPORT_RESPONSE] : 200
[INFO|kicom_pefile.py:153] 2017-09-02 17:38:07,109 > [WRITE_DB] : 526432:862d40a6e85c7698e680ec4e11732c5e:Downloader.Win32.Morstar.ewi	# 016a72d33135bc8a75525438208ef67ed2eb12701bec8541187a566bf135d1a8
[INFO|kicom_pefile.py:123] 2017-09-02 17:38:07,326 > [SCAN_FILE_NAME] : 01718a904b1c9ab0b67f66720bdd68c098abaa755813613c6d106c17cac8b5b8
[INFO|vtscan.py:74] 2017-09-02 17:38:10,161 > [REPORT_RESPONSE] : 200
[INFO|kicom_pefile.py:153] 2017-09-02 17:38:10,163 > [WRITE_DB] : 467144:ddbf91b60098a022f22dd6aa3a6b3c6c:AdWare.Win32.MultiPlug.oaul	# 01718a904b1c9ab0b67f66720bdd68c098abaa755813613c6d106c17cac8b5b8
[INFO|kicom_pefile.py:123] 2017-09-02 17:38:10,338 > [SCAN_FILE_NAME] : 017d9841fc3de8e385ff9428b96d2294f023a7a8bfff7b42f0b49df0890df07c
[INFO|vtscan.py:74] 2017-09-02 17:38:13,026 > [REPORT_RESPONSE] : 204
[INFO|kicom_pefile.py:138] 2017-09-02 17:38:13,026 > [RESCAN_WAIT] 30 sec
[INFO|vtscan.py:74] 2017-09-02 17:38:43,941 > [REPORT_RESPONSE] : 204
[INFO|kicom_pefile.py:138] 2017-09-02 17:38:43,944 > [RESCAN_WAIT] 30 sec
[INFO|vtscan.py:74] 2017-09-02 17:39:15,072 > [REPORT_RESPONSE] : 200
[INFO|kicom_pefile.py:153] 2017-09-02 17:39:15,075 > [WRITE_DB] : 463560:d6cfe8f18ef12cd1998598e17ca2c170:AdWare.Win32.MultiPlug.oaul	# 017d9841fc3de8e385ff9428b96d2294f023a7a8bfff7b42f0b49df0890df07c
[INFO|kicom_pefile.py:123] 2017-09-02 17:39:15,279 > [SCAN_FILE_NAME] : 0181aea5b3ac19aeae25f8893f3be7dc462cb06cc264aff9e3708d91cf473a89
[INFO|vtscan.py:74] 2017-09-02 17:39:17,996 > [REPORT_RESPONSE] : 200
[INFO|kicom_pefile.py:153] 2017-09-02 17:39:17,999 > [WRITE_DB] : 467144:1038e32cc6029967e1740c9b44313ceb:AdWare.Win32.MultiPlug.oaul	# 0181aea5b3ac19aeae25f8893f3be7dc462cb06cc264aff9e3708d91cf473a89
[INFO|kicom_pefile.py:123] 2017-09-02 17:39:18,104 > [SCAN_FILE_NAME] : 0187fd0ace6cdc50682dcf98bec38b9eb9c10853bff77d589b778a516c44bff8
[INFO|vtscan.py:74] 2017-09-02 17:39:20,372 > [REPORT_RESPONSE] : 204
[INFO|kicom_pefile.py:138] 2017-09-02 17:39:20,374 > [RESCAN_WAIT] 30 sec
[INFO|vtscan.py:74] 2017-09-02 17:39:51,576 > [REPORT_RESPONSE] : 204
[INFO|kicom_pefile.py:138] 2017-09-02 17:39:51,578 > [RESCAN_WAIT] 30 sec
